<?xml version="1.0" encoding="UTF-8"?>
<!-- Generated by org.testng.reporters.JUnitReportReporter -->
<testsuite hostname="Swagata" failures="0" tests="1" name="Testcase.testcase2" time="1.431" errors="0" timestamp="2025-04-15T19:59:24 IST" skipped="0">
  <testcase classname="Testcase.testcase2" name="LOGIN" time="1.431"/>
  <system-out/>
</testsuite> <!-- Testcase.testcase2 -->
