<?xml version="1.0" encoding="UTF-8"?>
<!-- Generated by org.testng.reporters.JUnitReportReporter -->
<testsuite hostname="Swagata" failures="0" tests="1" name="Testcase.TC001_AccountRegistrationTest" time="4.448" errors="0" timestamp="2025-04-16T08:44:44 IST" skipped="0">
  <testcase classname="Testcase.TC001_AccountRegistrationTest" name="page" time="4.448"/>
  <system-out/>
</testsuite> <!-- Testcase.TC001_AccountRegistrationTest -->
