<?xml version="1.0" encoding="UTF-8"?>
<!-- Generated by org.testng.reporters.JUnitReportReporter -->
<testsuite hostname="Swagata" failures="0" tests="1" name="Testcase.TC001_AccountRegistrationTest" time="1.983" errors="0" timestamp="2025-04-16T20:20:48 IST" skipped="0">
  <testcase classname="Testcase.TC001_AccountRegistrationTest" name="page" time="1.983"/>
</testsuite> <!-- Testcase.TC001_AccountRegistrationTest -->
