<?xml version="1.0" encoding="UTF-8"?>
<!-- Generated by org.testng.reporters.JUnitReportReporter -->
<testsuite hostname="Swagata" failures="0" tests="1" name="Testcase.TC002_LoginTest" time="1.502" errors="0" timestamp="2025-04-16T20:20:48 IST" skipped="0">
  <testcase classname="Testcase.TC002_LoginTest" name="LOGIN" time="1.502"/>
</testsuite> <!-- Testcase.TC002_LoginTest -->
